Public data
Метод dHash (Difference Hash)
Найдено 456 изображений в папке `datasets\public_data/train`
Найдено 136 изображений в папке `datasets\public_data/test`
Количество лишних изображений в оригинальной разметке: 60
Количество лишних изображений согласно предсказаниям: 40
Время выполнения: 00:07 | в миллисекундах: 7.79012s (7790 ms)
        Presicion: 0.9750
        Recall: 0.6610
        F1-score: 0.7879
Список изображений успешно сохранен в файл: output\pred_cached_dHash.txt
Найдено 456 изображений в папке `datasets\public_data/train`
Найдено 136 изображений в папке `datasets\public_data/test`
Количество лишних изображений в оригинальной разметке: 60
Загрузка тренировочных изображений...
Загрузка тестовых изображений...
Количество лишних изображений согласно предсказаниям: 42
Время выполнения: 00:20 | в миллисекундах: 20.81479s (20814 ms)
        Presicion: 0.7619
        Recall: 0.5424
        F1-score: 0.6337
Список изображений успешно сохранен в файл: output\pred_ssim.txt
ResNet50
Найдено 456 изображений в папке `datasets\public_data/train`
Найдено 136 изображений в папке `datasets\public_data/test`
Количество лишних изображений в оригинальной разметке: 60
Downloading: "https://download.pytorch.org/models/resnet50-11ad3fa6.pth" to C:\Users\malah/.cache\torch\hub\checkpoints\resnet50-11ad3fa6.pth
Создание эмбеддингов для тренировочных изображений...
Создание эмбеддингов для тестовых изображений...
Количество лишних изображений согласно предсказаниям: 69
Время выполнения: 02:52 | в миллисекундах: 172.25372s (172253 ms)
        Presicion: 0.8261
        Recall: 0.9661
        F1-score: 0.8906
Список изображений успешно сохранен в файл: output\pred_resnet50.txt
